<?xml version="1.0" encoding="UTF-8"?>
<testng-results skipped="0" failed="0" ignored="0" total="1" passed="1">
  <reporter-output>
  </reporter-output>
  <suite name="Default suite" duration-ms="16815" started-at="2021-03-15T16:45:08 CET" finished-at="2021-03-15T16:45:25 CET">
    <groups>
    </groups>
    <test name="Default test" duration-ms="16815" started-at="2021-03-15T16:45:08 CET" finished-at="2021-03-15T16:45:25 CET">
      <class name="demoqa.com.TestPracticeForm">
        <test-method status="PASS" signature="createDriver()[pri:0, instance:demoqa.com.TestPracticeForm@578486a3]" name="createDriver" is-config="true" duration-ms="2766" started-at="2021-03-15T16:45:08 CET" finished-at="2021-03-15T16:45:11 CET">
          <reporter-output>
          </reporter-output>
        </test-method> <!-- createDriver -->
        <test-method status="PASS" signature="testRegistrationForm()[pri:1, instance:demoqa.com.TestPracticeForm@578486a3]" name="testRegistrationForm" duration-ms="13997" started-at="2021-03-15T16:45:11 CET" finished-at="2021-03-15T16:45:25 CET">
          <reporter-output>
          </reporter-output>
        </test-method> <!-- testRegistrationForm -->
      </class> <!-- demoqa.com.TestPracticeForm -->
    </test> <!-- Default test -->
  </suite> <!-- Default suite -->
</testng-results>
